c:\users\dongufang\documents\visual studio 2015\projects\mcc\mcc\x64\debug\vc140.pdb
c:\users\dongufang\documents\visual studio 2015\projects\mcc\mcc\x64\debug\vc140.idb
c:\users\dongufang\documents\visual studio 2015\projects\mcc\mcc\x64\debug\eer.obj
c:\users\dongufang\documents\visual studio 2015\projects\mcc\x64\debug\mcc.ilk
c:\users\dongufang\documents\visual studio 2015\projects\mcc\x64\debug\mcc.exe
c:\users\dongufang\documents\visual studio 2015\projects\mcc\x64\debug\mcc.pdb
c:\project source file\mcc_cuda_runable\mcc\x64\debug\area.cu.cache
c:\project source file\mcc_cuda_runable\mcc\x64\debug\binarization.cu.cache
c:\project source file\mcc_cuda_runable\mcc\x64\debug\consolidation.cu.cache
c:\project source file\mcc_cuda_runable\mcc\x64\debug\io.cu.cache
c:\project source file\mcc_cuda_runable\mcc\x64\debug\main.cu.cache
c:\project source file\mcc_cuda_runable\mcc\x64\debug\matcher.cu.cache
c:\project source file\mcc_cuda_runable\mcc\x64\debug\mcc.cu.cache
c:\project source file\mcc_cuda_runable\mcc\x64\debug\template.cu.cache
c:\project source file\mcc_cuda_runable\mcc\x64\debug\area.cu.obj
c:\project source file\mcc_cuda_runable\mcc\x64\debug\binarization.cu.obj
c:\project source file\mcc_cuda_runable\mcc\x64\debug\consolidation.cu.obj
c:\project source file\mcc_cuda_runable\mcc\x64\debug\eer.obj
c:\project source file\mcc_cuda_runable\mcc\x64\debug\io.cu.obj
c:\project source file\mcc_cuda_runable\mcc\x64\debug\main.cu.obj
c:\project source file\mcc_cuda_runable\mcc\x64\debug\matcher.cu.obj
c:\project source file\mcc_cuda_runable\mcc\x64\debug\mcc.cu.obj
c:\project source file\mcc_cuda_runable\mcc\x64\debug\template.cu.obj
c:\project source file\mcc_cuda_runable\mcc\x64\debug\vc140.idb
c:\project source file\mcc_cuda_runable\mcc\x64\debug\vc140.pdb
c:\project source file\mcc_cuda_runable\x64\debug\mcc.pdb
c:\project source file\mcc_cuda_runable\x64\debug\mcc.exe
c:\project source file\mcc_cuda_runable\x64\debug\mcc.ilk
c:\project source file\mcc_cuda_runable\mcc\x64\debug\mcc.tlog\cl.command.1.tlog
c:\project source file\mcc_cuda_runable\mcc\x64\debug\mcc.tlog\cl.read.1.tlog
c:\project source file\mcc_cuda_runable\mcc\x64\debug\mcc.tlog\cl.write.1.tlog
c:\project source file\mcc_cuda_runable\mcc\x64\debug\mcc.tlog\link.command.1.tlog
c:\project source file\mcc_cuda_runable\mcc\x64\debug\mcc.tlog\link.read.1.tlog
c:\project source file\mcc_cuda_runable\mcc\x64\debug\mcc.tlog\link.write.1.tlog
